<?xml version="1.0" encoding="UTF-8"?>
<coverage generated="1642637515961" clover="3.2.0">
  <project timestamp="1642637515961" name="All files">
    <metrics statements="37" coveredstatements="2" conditionals="10" coveredconditionals="0" methods="16" coveredmethods="1" elements="63" coveredelements="3" complexity="0" loc="37" ncloc="37" packages="1" files="3" classes="3"/>
    <file name="DisplayGrid.js" path="/Volumes/diskA/workspace/codingTests/VendingMachine/src/components/DisplayGrid.js">
      <metrics statements="35" coveredstatements="0" conditionals="10" coveredconditionals="0" methods="15" coveredmethods="0"/>
      <line num="7" count="0" type="stmt"/>
      <line num="8" count="0" type="stmt"/>
      <line num="10" count="0" type="stmt"/>
      <line num="13" count="0" type="stmt"/>
      <line num="14" count="0" type="stmt"/>
      <line num="18" count="0" type="cond" truecount="0" falsecount="2"/>
      <line num="19" count="0" type="stmt"/>
      <line num="21" count="0" type="cond" truecount="0" falsecount="2"/>
      <line num="22" count="0" type="stmt"/>
      <line num="23" count="0" type="stmt"/>
      <line num="28" count="0" type="cond" truecount="0" falsecount="2"/>
      <line num="29" count="0" type="stmt"/>
      <line num="30" count="0" type="stmt"/>
      <line num="31" count="0" type="stmt"/>
      <line num="32" count="0" type="stmt"/>
      <line num="33" count="0" type="cond" truecount="0" falsecount="2"/>
      <line num="34" count="0" type="stmt"/>
      <line num="35" count="0" type="stmt"/>
      <line num="36" count="0" type="stmt"/>
      <line num="38" count="0" type="stmt"/>
      <line num="39" count="0" type="stmt"/>
      <line num="42" count="0" type="stmt"/>
      <line num="46" count="0" type="stmt"/>
      <line num="54" count="0" type="stmt"/>
      <line num="63" count="0" type="stmt"/>
      <line num="72" count="0" type="stmt"/>
      <line num="84" count="0" type="stmt"/>
      <line num="93" count="0" type="stmt"/>
      <line num="102" count="0" type="stmt"/>
      <line num="111" count="0" type="stmt"/>
      <line num="120" count="0" type="stmt"/>
      <line num="130" count="0" type="stmt"/>
      <line num="133" count="0" type="stmt"/>
      <line num="140" count="0" type="stmt"/>
      <line num="145" count="0" type="stmt"/>
    </file>
    <file name="Title.jsx" path="/Volumes/diskA/workspace/codingTests/VendingMachine/src/components/Title.jsx">
      <metrics statements="1" coveredstatements="1" conditionals="0" coveredconditionals="0" methods="1" coveredmethods="1"/>
      <line num="1" count="2" type="stmt"/>
    </file>
    <file name="enzyme.js" path="/Volumes/diskA/workspace/codingTests/VendingMachine/src/components/enzyme.js">
      <metrics statements="1" coveredstatements="1" conditionals="0" coveredconditionals="0" methods="0" coveredmethods="0"/>
      <line num="5" count="1" type="stmt"/>
    </file>
  </project>
</coverage>
