{"/Volumes/diskA/workspace/codingTests/VendingMachine/src/components/DisplayGrid.js": {"path":"/Volumes/diskA/workspace/codingTests/VendingMachine/src/components/DisplayGrid.js","statementMap":{"0":{"start":{"line":7,"column":27},"end":{"line":153,"column":1}},"1":{"start":{"line":8,"column":42},"end":{"line":8,"column":54}},"2":{"start":{"line":10,"column":18},"end":{"line":10,"column":20}},"3":{"start":{"line":13,"column":4},"end":{"line":13,"column":24}},"4":{"start":{"line":14,"column":4},"end":{"line":14,"column":31}},"5":{"start":{"line":18,"column":4},"end":{"line":20,"column":5}},"6":{"start":{"line":19,"column":6},"end":{"line":19,"column":41}},"7":{"start":{"line":21,"column":4},"end":{"line":24,"column":5}},"8":{"start":{"line":22,"column":19},"end":{"line":22,"column":51}},"9":{"start":{"line":23,"column":6},"end":{"line":23,"column":28}},"10":{"start":{"line":28,"column":4},"end":{"line":43,"column":5}},"11":{"start":{"line":29,"column":26},"end":{"line":29,"column":50}},"12":{"start":{"line":30,"column":6},"end":{"line":30,"column":46}},"13":{"start":{"line":31,"column":6},"end":{"line":31,"column":26}},"14":{"start":{"line":32,"column":19},"end":{"line":32,"column":46}},"15":{"start":{"line":33,"column":6},"end":{"line":40,"column":7}},"16":{"start":{"line":34,"column":27},"end":{"line":34,"column":49}},"17":{"start":{"line":35,"column":8},"end":{"line":35,"column":39}},"18":{"start":{"line":36,"column":8},"end":{"line":36,"column":57}},"19":{"start":{"line":38,"column":8},"end":{"line":38,"column":76}},"20":{"start":{"line":39,"column":8},"end":{"line":39,"column":38}},"21":{"start":{"line":42,"column":6},"end":{"line":42,"column":35}},"22":{"start":{"line":46,"column":2},"end":{"line":152,"column":4}},"23":{"start":{"line":54,"column":12},"end":{"line":54,"column":28}},"24":{"start":{"line":63,"column":12},"end":{"line":63,"column":28}},"25":{"start":{"line":72,"column":12},"end":{"line":72,"column":28}},"26":{"start":{"line":84,"column":14},"end":{"line":84,"column":27}},"27":{"start":{"line":93,"column":14},"end":{"line":93,"column":27}},"28":{"start":{"line":102,"column":14},"end":{"line":102,"column":27}},"29":{"start":{"line":111,"column":14},"end":{"line":111,"column":27}},"30":{"start":{"line":120,"column":14},"end":{"line":120,"column":27}},"31":{"start":{"line":130,"column":48},"end":{"line":130,"column":67}},"32":{"start":{"line":133,"column":49},"end":{"line":133,"column":63}},"33":{"start":{"line":140,"column":12},"end":{"line":144,"column":14}},"34":{"start":{"line":145,"column":12},"end":{"line":145,"column":34}}},"fnMap":{"0":{"name":"(anonymous_0)","decl":{"start":{"line":7,"column":27},"end":{"line":7,"column":28}},"loc":{"start":{"line":7,"column":52},"end":{"line":153,"column":1}},"line":7},"1":{"name":"chooseColumn","decl":{"start":{"line":12,"column":11},"end":{"line":12,"column":23}},"loc":{"start":{"line":12,"column":27},"end":{"line":15,"column":3}},"line":12},"2":{"name":"chooseRow","decl":{"start":{"line":17,"column":11},"end":{"line":17,"column":20}},"loc":{"start":{"line":17,"column":24},"end":{"line":25,"column":3}},"line":17},"3":{"name":"dispenceItem","decl":{"start":{"line":27,"column":11},"end":{"line":27,"column":23}},"loc":{"start":{"line":27,"column":26},"end":{"line":44,"column":3}},"line":27},"4":{"name":"(anonymous_4)","decl":{"start":{"line":53,"column":19},"end":{"line":53,"column":20}},"loc":{"start":{"line":53,"column":26},"end":{"line":55,"column":11}},"line":53},"5":{"name":"(anonymous_5)","decl":{"start":{"line":62,"column":19},"end":{"line":62,"column":20}},"loc":{"start":{"line":62,"column":26},"end":{"line":64,"column":11}},"line":62},"6":{"name":"(anonymous_6)","decl":{"start":{"line":71,"column":19},"end":{"line":71,"column":20}},"loc":{"start":{"line":71,"column":26},"end":{"line":73,"column":11}},"line":71},"7":{"name":"(anonymous_7)","decl":{"start":{"line":83,"column":21},"end":{"line":83,"column":22}},"loc":{"start":{"line":83,"column":28},"end":{"line":85,"column":13}},"line":83},"8":{"name":"(anonymous_8)","decl":{"start":{"line":92,"column":21},"end":{"line":92,"column":22}},"loc":{"start":{"line":92,"column":28},"end":{"line":94,"column":13}},"line":92},"9":{"name":"(anonymous_9)","decl":{"start":{"line":101,"column":21},"end":{"line":101,"column":22}},"loc":{"start":{"line":101,"column":28},"end":{"line":103,"column":13}},"line":101},"10":{"name":"(anonymous_10)","decl":{"start":{"line":110,"column":21},"end":{"line":110,"column":22}},"loc":{"start":{"line":110,"column":28},"end":{"line":112,"column":13}},"line":110},"11":{"name":"(anonymous_11)","decl":{"start":{"line":119,"column":21},"end":{"line":119,"column":22}},"loc":{"start":{"line":119,"column":28},"end":{"line":121,"column":13}},"line":119},"12":{"name":"(anonymous_12)","decl":{"start":{"line":130,"column":42},"end":{"line":130,"column":43}},"loc":{"start":{"line":130,"column":48},"end":{"line":130,"column":67}},"line":130},"13":{"name":"(anonymous_13)","decl":{"start":{"line":133,"column":43},"end":{"line":133,"column":44}},"loc":{"start":{"line":133,"column":49},"end":{"line":133,"column":63}},"line":133},"14":{"name":"(anonymous_14)","decl":{"start":{"line":139,"column":19},"end":{"line":139,"column":20}},"loc":{"start":{"line":139,"column":25},"end":{"line":146,"column":11}},"line":139}},"branchMap":{"0":{"loc":{"start":{"line":18,"column":4},"end":{"line":20,"column":5}},"type":"if","locations":[{"start":{"line":18,"column":4},"end":{"line":20,"column":5}},{"start":{},"end":{}}],"line":18},"1":{"loc":{"start":{"line":21,"column":4},"end":{"line":24,"column":5}},"type":"if","locations":[{"start":{"line":21,"column":4},"end":{"line":24,"column":5}},{"start":{},"end":{}}],"line":21},"2":{"loc":{"start":{"line":28,"column":4},"end":{"line":43,"column":5}},"type":"if","locations":[{"start":{"line":28,"column":4},"end":{"line":43,"column":5}},{"start":{"line":41,"column":11},"end":{"line":43,"column":5}}],"line":28},"3":{"loc":{"start":{"line":33,"column":6},"end":{"line":40,"column":7}},"type":"if","locations":[{"start":{"line":33,"column":6},"end":{"line":40,"column":7}},{"start":{"line":37,"column":13},"end":{"line":40,"column":7}}],"line":33},"4":{"loc":{"start":{"line":127,"column":9},"end":{"line":129,"column":9}},"type":"binary-expr","locations":[{"start":{"line":127,"column":9},"end":{"line":127,"column":34}},{"start":{"line":128,"column":10},"end":{"line":128,"column":52}}],"line":127}},"s":{"0":0,"1":0,"2":0,"3":0,"4":0,"5":0,"6":0,"7":0,"8":0,"9":0,"10":0,"11":0,"12":0,"13":0,"14":0,"15":0,"16":0,"17":0,"18":0,"19":0,"20":0,"21":0,"22":0,"23":0,"24":0,"25":0,"26":0,"27":0,"28":0,"29":0,"30":0,"31":0,"32":0,"33":0,"34":0},"f":{"0":0,"1":0,"2":0,"3":0,"4":0,"5":0,"6":0,"7":0,"8":0,"9":0,"10":0,"11":0,"12":0,"13":0,"14":0},"b":{"0":[0,0],"1":[0,0],"2":[0,0],"3":[0,0],"4":[0,0]}}
,"/Volumes/diskA/workspace/codingTests/VendingMachine/src/components/Title.jsx": {"path":"/Volumes/diskA/workspace/codingTests/VendingMachine/src/components/Title.jsx","statementMap":{"0":{"start":{"line":1,"column":21},"end":{"line":1,"column":78}},"1":{"start":{"line":1,"column":27},"end":{"line":1,"column":78}}},"fnMap":{"0":{"name":"(anonymous_0)","decl":{"start":{"line":1,"column":21},"end":{"line":1,"column":22}},"loc":{"start":{"line":1,"column":27},"end":{"line":1,"column":78}},"line":1}},"branchMap":{},"s":{"0":1,"1":2},"f":{"0":2},"b":{},"_coverageSchema":"1a1c01bbd47fc00a2c39e90264f33305004495a9","hash":"b3ea6961df17dacd4c53c2913a0ae4b2bea88da5"}
,"/Volumes/diskA/workspace/codingTests/VendingMachine/src/components/enzyme.js": {"path":"/Volumes/diskA/workspace/codingTests/VendingMachine/src/components/enzyme.js","statementMap":{"0":{"start":{"line":5,"column":0},"end":{"line":5,"column":38}}},"fnMap":{},"branchMap":{},"s":{"0":1},"f":{},"b":{},"_coverageSchema":"1a1c01bbd47fc00a2c39e90264f33305004495a9","hash":"9d3e69b7d82eeb68cef6f351ff3467e5bff98274"}
}
